 Performance counter stats for './hashing --microbenchmark --fill 0.90 --algo chaining':

        89.710.109      cache-misses:u                                              

      19,951156647 seconds time elapsed

      18,956592000 seconds user
       0,992039000 seconds sys


# started on Mon Nov 16 09:31:11 2020


 Performance counter stats for './hashing --microbenchmark --fill 0.90 --algo linear':

       191.083.922      cache-misses:u                                              

      13,823780802 seconds time elapsed

      13,638034000 seconds user
       0,184191000 seconds sys


# started on Mon Nov 16 09:32:43 2020


 Performance counter stats for './hashing --microbenchmark --fill 0.90 --algo quadratic':

       244.286.689      cache-misses:u                                              

      15,018168814 seconds time elapsed

      14,948557000 seconds user
       0,067984000 seconds sys


# started on Mon Nov 16 09:31:45 2020


 Performance counter stats for './hashing --microbenchmark --fill 0.90 --algo stl':

       486.671.894      cache-misses:u                                              

      58,539559713 seconds time elapsed

      57,338549000 seconds user
       1,195971000 seconds sys


# started on Mon Nov 16 09:33:09 2020


 Performance counter stats for './hashing --microbenchmark --fill 0.75 --algo chaining':

        70.235.299      cache-misses:u                                              

      15,664327450 seconds time elapsed

      15,022357000 seconds user
       0,639924000 seconds sys


# started on Mon Nov 16 09:32:58 2020


 Performance counter stats for './hashing --microbenchmark --fill 0.75 --algo linear':

       116.445.934      cache-misses:u                                              

      10,674064466 seconds time elapsed

      10,600464000 seconds user
       0,071976000 seconds sys


# started on Mon Nov 16 09:34:07 2020


 Performance counter stats for './hashing --microbenchmark --fill 0.75 --algo quadratic':

       132.026.892      cache-misses:u                                              

      11,594051336 seconds time elapsed

      11,516547000 seconds user
       0,076001000 seconds sys


# started on Mon Nov 16 09:33:25 2020


 Performance counter stats for './hashing --microbenchmark --fill 0.75 --algo stl':

       323.272.969      cache-misses:u                                              

      42,207622513 seconds time elapsed

      41,463560000 seconds user
       0,739915000 seconds sys


# started on Mon Nov 16 09:34:26 2020


 Performance counter stats for './hashing --microbenchmark --fill 0.50 --algo chaining':

        42.919.328      cache-misses:u                                              

       9,752008568 seconds time elapsed

       9,242677000 seconds user
       0,507918000 seconds sys


# started on Mon Nov 16 09:34:19 2020


 Performance counter stats for './hashing --microbenchmark --fill 0.50 --algo linear':

        53.184.110      cache-misses:u                                              

       6,777745885 seconds time elapsed

       6,720372000 seconds user
       0,056003000 seconds sys


# started on Mon Nov 16 09:35:06 2020


 Performance counter stats for './hashing --microbenchmark --fill 0.50 --algo quadratic':

        53.091.900      cache-misses:u                                              

       7,189548679 seconds time elapsed

       7,112129000 seconds user
       0,076001000 seconds sys


# started on Mon Nov 16 09:34:35 2020


 Performance counter stats for './hashing --microbenchmark --fill 0.50 --algo stl':

       247.985.318      cache-misses:u                                              

      30,355313532 seconds time elapsed

      29,843946000 seconds user
       0,508006000 seconds sys


# started on Mon Nov 16 09:35:16 2020


 Performance counter stats for './hashing --microbenchmark --fill 0.25 --algo chaining':

        19.474.567      cache-misses:u                                              

       4,478587488 seconds time elapsed

       4,237375000 seconds user
       0,239854000 seconds sys


# started on Mon Nov 16 09:35:13 2020


 Performance counter stats for './hashing --microbenchmark --fill 0.25 --algo linear':

        21.371.409      cache-misses:u                                              

       3,286837567 seconds time elapsed

       3,229596000 seconds user
       0,056028000 seconds sys


# started on Mon Nov 16 09:35:35 2020


 Performance counter stats for './hashing --microbenchmark --fill 0.25 --algo quadratic':

        21.611.295      cache-misses:u                                              

       3,369243860 seconds time elapsed

       3,300189000 seconds user
       0,068004000 seconds sys


# started on Mon Nov 16 09:35:21 2020


 Performance counter stats for './hashing --microbenchmark --fill 0.25 --algo stl':

       116.342.898      cache-misses:u                                              

      14,391662576 seconds time elapsed

      14,129699000 seconds user
       0,260034000 seconds sys


